TN:
SF:src/polyfills.ts
FNF:0
FNH:0
DA:69,1
DA:70,1
DA:71,1
LF:3
LH:3
BRF:0
BRH:0
end_of_record
TN:
SF:src/test.ts
FNF:0
FNH:0
DA:13,1
DA:19,1
DA:21,1
LF:3
LH:3
BRF:0
BRH:0
end_of_record
TN:
SF:src/app/shared/tl-abstract-base.component.ts
FN:20,(anonymous_0)
FN:14,(anonymous_1)
FNF:2
FNH:2
FNDA:70,(anonymous_0)
FNDA:2,(anonymous_1)
DA:6,1
DA:9,70
DA:12,70
DA:15,2
DA:16,2
DA:21,70
LF:6
LH:6
BRDA:15,0,0,1
BRDA:15,0,1,1
BRDA:16,1,0,1
BRDA:16,1,1,1
BRF:4
BRH:4
end_of_record
TN:
SF:src/app/tl-alert/tl-alert.component.ts
FN:24,(anonymous_0)
FNF:1
FNH:1
FNDA:3,(anonymous_0)
DA:10,1
DA:19,3
DA:25,3
LF:3
LH:3
BRF:0
BRH:0
end_of_record
TN:
SF:src/app/tl-button/tl-button.component.ts
FN:25,(anonymous_0)
FNF:1
FNH:1
FNDA:1,(anonymous_0)
DA:10,1
DA:16,1
DA:19,1
DA:26,1
LF:4
LH:4
BRF:0
BRH:0
end_of_record
TN:
SF:src/app/tl-card/tl-card.component.ts
FN:19,(anonymous_0)
FNF:1
FNH:1
FNDA:1,(anonymous_0)
DA:10,1
DA:20,1
LF:2
LH:2
BRF:0
BRH:0
end_of_record
TN:
SF:src/app/tl-drop-down/tl-drop-down.component.ts
FN:142,(anonymous_0)
FN:55,(anonymous_1)
FN:60,(anonymous_2)
FN:65,(anonymous_3)
FN:70,(anonymous_4)
FN:75,(anonymous_5)
FN:80,(anonymous_6)
FN:85,(anonymous_7)
FN:95,(anonymous_8)
FN:100,(anonymous_9)
FN:105,(anonymous_10)
FN:122,(anonymous_11)
FN:127,(anonymous_12)
FN:132,(anonymous_13)
FN:137,(anonymous_14)
FNF:15
FNH:15
FNDA:28,(anonymous_0)
FNDA:2,(anonymous_1)
FNDA:84,(anonymous_2)
FNDA:2,(anonymous_3)
FNDA:84,(anonymous_4)
FNDA:84,(anonymous_5)
FNDA:84,(anonymous_6)
FNDA:2,(anonymous_7)
FNDA:2,(anonymous_8)
FNDA:82,(anonymous_9)
FNDA:2,(anonymous_10)
FNDA:82,(anonymous_11)
FNDA:82,(anonymous_12)
FNDA:82,(anonymous_13)
FNDA:2,(anonymous_14)
DA:10,1
DA:46,28
DA:49,28
DA:52,28
DA:56,2
DA:61,84
DA:66,2
DA:71,84
DA:76,84
DA:81,84
DA:86,2
DA:96,2
DA:101,82
DA:106,2
DA:123,82
DA:128,82
DA:133,82
DA:138,2
DA:143,28
LF:19
LH:19
BRF:0
BRH:0
end_of_record
TN:
SF:src/app/tl-footer/tl-footer.component.ts
FN:34,(anonymous_0)
FNF:1
FNH:1
FNDA:2,(anonymous_0)
DA:16,1
DA:19,2
DA:22,2
DA:35,2
LF:4
LH:4
BRF:0
BRH:0
end_of_record
TN:
SF:src/app/tl-header/tl-header.component.ts
FN:54,(anonymous_0)
FN:49,(anonymous_1)
FNF:2
FNH:2
FNDA:9,(anonymous_0)
FNDA:1,(anonymous_1)
DA:11,1
DA:14,9
DA:16,9
DA:19,9
DA:22,9
DA:25,9
DA:28,9
DA:31,9
DA:34,9
DA:37,9
DA:40,9
DA:43,9
DA:45,9
DA:47,9
DA:50,1
DA:55,9
LF:16
LH:16
BRF:0
BRH:0
end_of_record
TN:
SF:src/app/tl-icon/tl-icon.component.ts
FN:25,(anonymous_0)
FNF:1
FNH:1
FNDA:5,(anonymous_0)
DA:10,1
DA:13,5
DA:16,5
DA:26,5
LF:4
LH:4
BRF:0
BRH:0
end_of_record
TN:
SF:src/app/tl-it-works/tl-it-works.component.ts
FN:20,(anonymous_0)
FNF:1
FNH:1
FNDA:3,(anonymous_0)
DA:11,1
DA:14,3
DA:17,3
DA:21,3
LF:4
LH:4
BRF:0
BRH:0
end_of_record
TN:
SF:src/app/tl-mega-menu/tl-mega-menu-section/tl-mega-menu-section.component.ts
FN:30,(anonymous_0)
FN:34,(anonymous_1)
FN:44,(anonymous_2)
FN:46,(anonymous_3)
FN:51,(anonymous_4)
FN:60,(anonymous_5)
FN:68,(anonymous_6)
FN:74,(anonymous_7)
FN:78,(anonymous_8)
FNF:9
FNH:9
FNDA:4,(anonymous_0)
FNDA:4,(anonymous_1)
FNDA:4,(anonymous_2)
FNDA:4,(anonymous_3)
FNDA:1,(anonymous_4)
FNDA:1,(anonymous_5)
FNDA:2,(anonymous_6)
FNDA:4,(anonymous_7)
FNDA:3,(anonymous_8)
DA:11,1
DA:16,4
DA:22,4
DA:27,4
DA:31,4
DA:35,4
DA:36,4
DA:37,4
DA:38,0
DA:40,4
DA:45,4
DA:46,4
DA:47,4
DA:53,1
DA:54,1
DA:55,1
DA:56,1
DA:57,1
DA:62,1
DA:63,1
DA:64,1
DA:65,1
DA:69,2
DA:75,4
DA:79,3
DA:80,3
DA:81,3
DA:83,3
LF:28
LH:27
BRDA:37,0,0,0
BRDA:37,0,1,4
BRDA:70,1,0,1
BRDA:70,1,1,1
BRDA:81,2,0,0
BRDA:81,2,1,3
BRF:6
BRH:4
end_of_record
TN:
SF:src/app/tl-nav-list/tl-nav-list.component.ts
FN:25,(anonymous_0)
FNF:1
FNH:1
FNDA:3,(anonymous_0)
DA:16,1
DA:19,3
DA:22,3
DA:26,3
LF:4
LH:4
BRF:0
BRH:0
end_of_record
TN:
SF:src/app/tl-tabs/tl-tabs.component.ts
FN:13,(anonymous_0)
FNF:1
FNH:1
FNDA:1,(anonymous_0)
DA:10,1
DA:14,1
LF:2
LH:2
BRF:0
BRH:0
end_of_record
TN:
SF:src/app/tl-tabs/tl-tab/tl-tab.component.ts
FN:15,(anonymous_0)
FNF:1
FNH:1
FNDA:1,(anonymous_0)
DA:10,1
DA:12,1
DA:16,1
LF:3
LH:3
BRF:0
BRH:0
end_of_record
