TN:
SF:projects/tl-elements/src/test.ts
FNF:0
FNH:0
DA:17,1
DA:20,1
DA:22,1
LF:3
LH:3
BRF:0
BRH:0
end_of_record
TN:
SF:projects/tl-elements/src/lib/shared/tl-abstract-base.component.ts
FN:20,(anonymous_0)
FN:14,(anonymous_1)
FNF:2
FNH:2
FNDA:157,(anonymous_0)
FNDA:2,(anonymous_1)
DA:6,1
DA:9,157
DA:12,157
DA:15,2
DA:16,2
DA:21,157
LF:6
LH:6
BRDA:15,0,0,1
BRDA:15,0,1,1
BRDA:16,1,0,1
BRDA:16,1,1,1
BRF:4
BRH:4
end_of_record
TN:
SF:projects/tl-elements/src/lib/shared/tl-shared.module.ts
FNF:0
FNH:0
DA:26,1
DA:47,1
DA:49,1
DA:72,1
LF:4
LH:4
BRF:0
BRH:0
end_of_record
TN:
SF:projects/tl-elements/src/lib/shared/themes/csrrs-theme.ts
FNF:0
FNH:0
DA:3,1
LF:1
LH:1
BRF:0
BRH:0
end_of_record
TN:
SF:projects/tl-elements/src/lib/shared/themes/index.ts
FNF:0
FNH:0
DA:4,1
LF:1
LH:1
BRF:0
BRH:0
end_of_record
TN:
SF:projects/tl-elements/src/lib/shared/themes/tamu-theme.ts
FNF:0
FNH:0
DA:3,1
LF:1
LH:1
BRF:0
BRH:0
end_of_record
TN:
SF:projects/tl-elements/src/lib/tl-alert/tl-alert.component.ts
FN:24,(anonymous_0)
FNF:1
FNH:1
FNDA:3,(anonymous_0)
DA:10,1
DA:19,3
DA:25,3
LF:3
LH:3
BRF:0
BRH:0
end_of_record
TN:
SF:projects/tl-elements/src/lib/tl-button/tl-button.component.ts
FN:31,(anonymous_0)
FNF:1
FNH:1
FNDA:1,(anonymous_0)
DA:10,1
DA:16,1
DA:19,1
DA:26,1
DA:28,1
DA:32,1
LF:6
LH:6
BRF:0
BRH:0
end_of_record
TN:
SF:projects/tl-elements/src/lib/tl-card/tl-card.component.ts
FN:28,(anonymous_0)
FNF:1
FNH:1
FNDA:1,(anonymous_0)
DA:10,1
DA:29,1
LF:2
LH:2
BRF:0
BRH:0
end_of_record
TN:
SF:projects/tl-elements/src/lib/tl-dropdown/tl-dropdown.component.ts
FN:142,(anonymous_0)
FN:55,(anonymous_1)
FN:60,(anonymous_2)
FN:65,(anonymous_3)
FN:70,(anonymous_4)
FN:75,(anonymous_5)
FN:80,(anonymous_6)
FN:85,(anonymous_7)
FN:95,(anonymous_8)
FN:100,(anonymous_9)
FN:105,(anonymous_10)
FN:122,(anonymous_11)
FN:127,(anonymous_12)
FN:132,(anonymous_13)
FN:137,(anonymous_14)
FNF:15
FNH:15
FNDA:28,(anonymous_0)
FNDA:2,(anonymous_1)
FNDA:84,(anonymous_2)
FNDA:2,(anonymous_3)
FNDA:84,(anonymous_4)
FNDA:84,(anonymous_5)
FNDA:84,(anonymous_6)
FNDA:2,(anonymous_7)
FNDA:2,(anonymous_8)
FNDA:82,(anonymous_9)
FNDA:2,(anonymous_10)
FNDA:82,(anonymous_11)
FNDA:82,(anonymous_12)
FNDA:82,(anonymous_13)
FNDA:2,(anonymous_14)
DA:10,1
DA:46,28
DA:49,28
DA:52,28
DA:56,2
DA:61,84
DA:66,2
DA:71,84
DA:76,84
DA:81,84
DA:86,2
DA:96,2
DA:101,82
DA:106,2
DA:123,82
DA:128,82
DA:133,82
DA:138,2
DA:143,28
LF:19
LH:19
BRF:0
BRH:0
end_of_record
TN:
SF:projects/tl-elements/src/lib/tl-dropdown-menu/tl-dropdown-menu-section/tl-dropdown-menu-section.component.ts
FN:22,(anonymous_0)
FN:31,(anonymous_1)
FN:49,(anonymous_2)
FN:52,(anonymous_3)
FN:62,(anonymous_4)
FNF:5
FNH:3
FNDA:1,(anonymous_0)
FNDA:1,(anonymous_1)
FNDA:1,(anonymous_2)
FNDA:0,(anonymous_3)
FNDA:0,(anonymous_4)
DA:11,1
DA:16,1
DA:23,1
DA:32,1
DA:34,1
DA:35,1
DA:37,1
DA:38,0
DA:40,1
DA:50,1
DA:52,1
DA:53,0
DA:63,0
LF:13
LH:10
BRDA:37,0,0,0
BRDA:37,0,1,1
BRF:2
BRH:1
end_of_record
TN:
SF:projects/tl-elements/src/lib/tl-footer/tl-footer.component.ts
FN:36,(anonymous_0)
FN:40,(anonymous_1)
FN:42,(anonymous_2)
FN:52,(anonymous_3)
FNF:4
FNH:2
FNDA:1,(anonymous_0)
FNDA:0,(anonymous_1)
FNDA:0,(anonymous_2)
FNDA:8,(anonymous_3)
DA:5,1
DA:17,1
DA:22,1
DA:33,1
DA:37,1
DA:41,0
DA:42,0
DA:43,0
DA:44,0
DA:53,8
LF:10
LH:6
BRDA:41,0,0,0
BRDA:41,0,1,0
BRDA:43,1,0,0
BRDA:43,1,1,0
BRF:4
BRH:0
end_of_record
TN:
SF:projects/tl-elements/src/lib/tl-header/tl-header.component.ts
FN:56,(anonymous_0)
FN:63,(anonymous_1)
FN:76,(anonymous_2)
FN:108,(anonymous_3)
FNF:4
FNH:3
FNDA:9,(anonymous_0)
FNDA:1,(anonymous_1)
FNDA:0,(anonymous_2)
FNDA:110,(anonymous_3)
DA:11,1
DA:14,9
DA:16,9
DA:19,9
DA:22,9
DA:25,9
DA:28,9
DA:31,9
DA:34,9
DA:37,9
DA:40,9
DA:43,9
DA:45,9
DA:48,9
DA:51,9
DA:53,9
DA:57,9
DA:64,1
DA:77,0
DA:79,0
DA:83,0
DA:84,0
DA:86,0
DA:88,0
DA:89,0
DA:109,110
LF:26
LH:19
BRDA:83,0,0,0
BRDA:83,0,1,0
BRDA:109,1,0,110
BRDA:109,1,1,110
BRF:4
BRH:2
end_of_record
TN:
SF:projects/tl-elements/src/lib/tl-icon/tl-icon.component.ts
FN:25,(anonymous_0)
FNF:1
FNH:1
FNDA:85,(anonymous_0)
DA:10,1
DA:13,85
DA:16,85
DA:26,85
LF:4
LH:4
BRF:0
BRH:0
end_of_record
TN:
SF:projects/tl-elements/src/lib/tl-it-works/tl-it-works.component.ts
FN:19,(anonymous_0)
FNF:1
FNH:1
FNDA:3,(anonymous_0)
DA:10,1
DA:13,3
DA:16,3
DA:20,3
LF:4
LH:4
BRF:0
BRH:0
end_of_record
TN:
SF:projects/tl-elements/src/lib/tl-mega-menu/tl-mega-menu-section/tl-mega-menu-section.component.ts
FN:30,(anonymous_0)
FN:34,(anonymous_1)
FN:45,(anonymous_2)
FN:47,(anonymous_3)
FN:52,(anonymous_4)
FN:61,(anonymous_5)
FN:69,(anonymous_6)
FN:77,(anonymous_7)
FN:81,(anonymous_8)
FNF:9
FNH:7
FNDA:4,(anonymous_0)
FNDA:4,(anonymous_1)
FNDA:4,(anonymous_2)
FNDA:0,(anonymous_3)
FNDA:1,(anonymous_4)
FNDA:1,(anonymous_5)
FNDA:2,(anonymous_6)
FNDA:0,(anonymous_7)
FNDA:3,(anonymous_8)
DA:11,1
DA:16,4
DA:22,4
DA:27,4
DA:31,4
DA:35,4
DA:36,4
DA:37,4
DA:38,4
DA:39,0
DA:41,4
DA:46,4
DA:47,4
DA:48,0
DA:54,1
DA:55,1
DA:56,1
DA:57,1
DA:58,1
DA:63,1
DA:64,1
DA:65,1
DA:66,1
DA:70,2
DA:71,1
DA:73,1
DA:78,0
DA:82,3
DA:83,3
DA:84,3
DA:86,3
LF:31
LH:28
BRDA:38,0,0,0
BRDA:38,0,1,4
BRDA:70,1,0,1
BRDA:70,1,1,1
BRDA:84,2,0,0
BRDA:84,2,1,3
BRF:6
BRH:4
end_of_record
TN:
SF:projects/tl-elements/src/lib/tl-modal/tl-modal.component.ts
FN:20,(anonymous_0)
FNF:1
FNH:1
FNDA:1,(anonymous_0)
DA:9,1
DA:11,1
DA:17,1
DA:21,1
LF:4
LH:4
BRF:0
BRH:0
end_of_record
TN:
SF:projects/tl-elements/src/lib/tl-nav-list/tl-nav-list.component.ts
FN:24,(anonymous_0)
FNF:1
FNH:1
FNDA:3,(anonymous_0)
DA:15,1
DA:18,3
DA:21,3
DA:25,3
LF:4
LH:4
BRF:0
BRH:0
end_of_record
TN:
SF:projects/tl-elements/src/lib/tl-tabs/tl-tabs.component.ts
FN:13,(anonymous_0)
FNF:1
FNH:1
FNDA:1,(anonymous_0)
DA:10,1
DA:14,1
LF:2
LH:2
BRF:0
BRH:0
end_of_record
TN:
SF:projects/tl-elements/src/lib/tl-tabs/tl-tab/tl-tab.component.ts
FN:15,(anonymous_0)
FNF:1
FNH:1
FNDA:1,(anonymous_0)
DA:10,1
DA:12,1
DA:16,1
LF:3
LH:3
BRF:0
BRH:0
end_of_record
TN:
SF:projects/tl-elements/src/lib/tl-themes/tl-themes.component.ts
FN:14,(anonymous_0)
FN:26,(anonymous_1)
FNF:2
FNH:2
FNDA:1,(anonymous_0)
FNDA:1,(anonymous_1)
DA:11,1
DA:15,1
DA:17,1
DA:20,1
DA:22,0
DA:27,1
DA:28,1
DA:29,1
LF:8
LH:7
BRDA:15,0,0,1
BRDA:15,0,1,0
BRDA:28,1,0,1
BRDA:28,1,1,0
BRF:4
BRH:2
end_of_record
TN:
SF:projects/tl-elements/src/lib/tl-wysiwyg/tl-wysiwyg.component.ts
FN:25,(anonymous_0)
FNF:1
FNH:1
FNDA:1,(anonymous_0)
DA:9,1
DA:11,1
DA:13,1
DA:16,1
DA:19,1
DA:22,1
DA:26,1
LF:7
LH:7
BRF:0
BRH:0
end_of_record
